<?xml version="1.0" encoding="UTF-8"?>
<!-- Generated by org.testng.reporters.JUnitReportReporter -->
<testsuite hostname="DESKTOP-GVKU7GV" failures="0" tests="1" name="javaprogram.prog" time="0.022" errors="0" timestamp="2025-08-08T11:54:59 IST" skipped="0">
  <testcase classname="javaprogram.prog" name="maxFromEvenIndexedElements" time="0.022"/>
</testsuite> <!-- javaprogram.prog -->
