<?xml version="1.0" encoding="UTF-8"?>
<!-- Generated by org.testng.reporters.JUnitReportReporter -->
<testsuite hostname="DESKTOP-GVKU7GV" failures="0" tests="1" name="javaprogram.programs" time="0.028" errors="0" timestamp="2025-07-31T13:10:46 IST" skipped="0">
  <testcase classname="javaprogram.programs" name="compressString" time="0.028"/>
</testsuite> <!-- javaprogram.programs -->
